<?xml version="1.0" encoding="UTF-8"?>
<!-- Generated by org.testng.reporters.JUnitReportReporter -->
<testsuite skipped="0" hostname="DESKTOP-CU7FF5S" name="login.RunnerLogin" tests="5" failures="0" timestamp="2021-08-17T01:25:03 IST" time="60.421" errors="0">
  <testcase name="f" time="10.923" classname="login.RunnerLogin"/>
  <system-out/>
  <testcase name="f" time="11.769" classname="login.RunnerLogin"/>
  <system-out/>
  <testcase name="f" time="14.480" classname="login.RunnerLogin"/>
  <system-out/>
  <testcase name="f" time="11.419" classname="login.RunnerLogin"/>
  <system-out/>
  <testcase name="f" time="11.830" classname="login.RunnerLogin"/>
  <system-out/>
</testsuite> <!-- login.RunnerLogin -->
