<?xml version="1.0" encoding="UTF-8"?>
<!-- Generated by org.testng.reporters.JUnitReportReporter -->
<testsuite skipped="0" hostname="DESKTOP-CU7FF5S" name="oneway.RunnerOneWay" tests="3" failures="0" timestamp="2021-08-17T01:25:02 IST" time="150.615" errors="0">
  <testcase name="searchFlights" time="22.468" classname="oneway.RunnerOneWay"/>
  <system-out/>
  <testcase name="searchFlights" time="38.094" classname="oneway.RunnerOneWay"/>
  <system-out/>
  <testcase name="searchFlights" time="90.053" classname="oneway.RunnerOneWay"/>
  <system-out/>
</testsuite> <!-- oneway.RunnerOneWay -->
