<?xml version="1.0" encoding="UTF-8"?>
<!-- Generated by org.testng.reporters.JUnitReportReporter -->
<testsuite skipped="1" hostname="DESKTOP-CU7FF5S" name="signup.RunnerSignUp" tests="1" failures="0" timestamp="2021-08-12T22:44:17 IST" time="0.000" errors="0">
  <testcase name="f" time="0.000" classname="signup.RunnerSignUp">
    <skipped/>
  </testcase> <!-- f -->
  <system-out/>
</testsuite> <!-- signup.RunnerSignUp -->
