<?xml version="1.0" encoding="UTF-8"?>
<!-- Generated by org.testng.reporters.JUnitReportReporter -->
<testsuite skipped="1" hostname="DESKTOP-CU7FF5S" name="signup.dummy" tests="1" failures="0" timestamp="2021-08-12T23:12:39 IST" time="0.000" errors="0">
  <testcase name="f" time="0.000" classname="signup.dummy">
    <skipped/>
  </testcase> <!-- f -->
  <system-out/>
</testsuite> <!-- signup.dummy -->
